<?xml version="1.0" encoding="UTF-8"?>
<!-- Generated by org.testng.reporters.JUnitReportReporter -->
<testsuite hostname="LAPTOP-SSKFI1SS" failures="0" tests="1" name="smartbytesRestAPI.restassured.ExtractHeaderAndCookieData" time="0.895" errors="0" timestamp="2020-10-01T14:05:43 EDT" skipped="0">
  <testcase classname="smartbytesRestAPI.restassured.ExtractHeaderAndCookieData" name="test_create_customer" time="0.895"/>
  <system-out/>
</testsuite> <!-- smartbytesRestAPI.restassured.ExtractHeaderAndCookieData -->
