<?xml version="1.0" encoding="UTF-8"?>
<!-- Generated by org.testng.reporters.JUnitReportReporter -->
<testsuite hostname="LAPTOP-SSKFI1SS" failures="0" tests="1" name="smartbytesRestAPI.restassured.ExtractComplexJSON" time="1.317" errors="0" timestamp="2020-10-01T19:03:00 EDT" skipped="0">
  <testcase classname="smartbytesRestAPI.restassured.ExtractComplexJSON" name="extract_ComplexJSON_data" time="1.317"/>
  <system-out/>
</testsuite> <!-- smartbytesRestAPI.restassured.ExtractComplexJSON -->
