<?xml version="1.0" encoding="UTF-8"?>
<!-- Generated by org.testng.reporters.JUnitReportReporter -->
<testsuite hostname="LAPTOP-SSKFI1SS" failures="0" tests="2" name="authenticationTests.BasicAuthTest" time="1.156" errors="0" timestamp="2020-10-02T11:15:08 EDT" skipped="0">
  <testcase classname="authenticationTests.BasicAuthTest" name="test_with_valid_credentials" time="0.115"/>
  <system-out/>
  <testcase classname="authenticationTests.BasicAuthTest" name="test_with_invalid_credentials" time="1.041"/>
  <system-out/>
</testsuite> <!-- authenticationTests.BasicAuthTest -->
