<?xml version="1.0" encoding="UTF-8"?>
<!-- Generated by org.testng.reporters.JUnitReportReporter -->
<testsuite hostname="LAPTOP-SSKFI1SS" failures="0" tests="5" name="smartbytesRestAPI.restassured.TestCustomerAPI" time="2.175" errors="0" timestamp="2020-11-10T19:02:38 EST" skipped="0">
  <testcase classname="smartbytesRestAPI.restassured.TestCustomerAPI" name="test_create_customer" time="1.202"/>
  <system-out/>
  <testcase classname="smartbytesRestAPI.restassured.TestCustomerAPI" name="test_update_customer" time="0.557"/>
  <system-out/>
  <testcase classname="smartbytesRestAPI.restassured.TestCustomerAPI" name="test_delete_customer" time="0.053"/>
  <system-out/>
  <testcase classname="smartbytesRestAPI.restassured.TestCustomerAPI" name="test_search_customer_with_ID" time="0.047"/>
  <system-out/>
  <testcase classname="smartbytesRestAPI.restassured.TestCustomerAPI" name="test_search_customer_with_CITY" time="0.316"/>
  <system-out/>
</testsuite> <!-- smartbytesRestAPI.restassured.TestCustomerAPI -->
