<?xml version="1.0" encoding="UTF-8"?>
<!-- Generated by org.testng.reporters.JUnitReportReporter -->
<testsuite hostname="LAPTOP-SSKFI1SS" failures="0" tests="1" name="smartbytesRestAPI.restassured.ExtractXMLdata" time="1.617" errors="0" timestamp="2020-10-01T18:06:22 EDT" skipped="0">
  <testcase classname="smartbytesRestAPI.restassured.ExtractXMLdata" name="extract_xml_data" time="1.617"/>
  <system-out/>
</testsuite> <!-- smartbytesRestAPI.restassured.ExtractXMLdata -->
