<?xml version="1.0" encoding="UTF-8"?>
<!-- Generated by org.testng.reporters.JUnitReportReporter -->
<testsuite hostname="mamuns-MBP.lan1" failures="0" tests="1" name="smartbytesRestAPI.restassured.EndToEndDataDrivenTest" time="1.318" errors="0" timestamp="2021-03-09T13:33:03 EST" skipped="0">
  <testcase classname="smartbytesRestAPI.restassured.EndToEndDataDrivenTest" name="EndToEndDataDrivenAPItest" time="1.318"/>
  <system-out/>
</testsuite> <!-- smartbytesRestAPI.restassured.EndToEndDataDrivenTest -->
