<?xml version="1.0" encoding="UTF-8"?>
<!-- Generated by org.testng.reporters.JUnitReportReporter -->
<testsuite hostname="mamuns-MacBook-Pro.local" failures="0" tests="1" name="smartbytesRestAPI.restassured.ExtractJSONdata" time="2.832" errors="0" timestamp="2021-03-08T14:21:56 EST" skipped="0">
  <testcase classname="smartbytesRestAPI.restassured.ExtractJSONdata" name="extract_json_data" time="2.832"/>
  <system-out/>
</testsuite> <!-- smartbytesRestAPI.restassured.ExtractJSONdata -->
