<?xml version="1.0" encoding="UTF-8"?>
<!-- Generated by org.testng.reporters.JUnitReportReporter -->
<testsuite hostname="LAPTOP-SSKFI1SS" failures="0" tests="1" name="smartbytesRestAPI.restassured.ExtractJSONdata" time="4.285" errors="0" timestamp="2020-10-01T17:25:06 EDT" skipped="0">
  <testcase classname="smartbytesRestAPI.restassured.ExtractJSONdata" name="extract_json_data" time="4.285"/>
  <system-out/>
</testsuite> <!-- smartbytesRestAPI.restassured.ExtractJSONdata -->
